<?xml version="1.0" encoding="UTF-8"?>
<testng-results skipped="0" failed="0" ignored="0" total="1" passed="1">
  <reporter-output>
  </reporter-output>
  <suite name="Default suite" duration-ms="40662" started-at="2020-03-09T18:50:37 BRT" finished-at="2020-03-09T18:51:17 BRT">
    <groups>
    </groups>
    <test name="Default test" duration-ms="40662" started-at="2020-03-09T18:50:37 BRT" finished-at="2020-03-09T18:51:17 BRT">
      <class name="com.testautomation.TestRunner.TestRunner">
        <test-method status="PASS" signature="setUpClass()[pri:0, instance:com.testautomation.TestRunner.TestRunner@2833cc44]" name="setUpClass" is-config="true" duration-ms="292" started-at="2020-03-09T18:50:37 BRT" finished-at="2020-03-09T18:50:37 BRT">
          <reporter-output>
          </reporter-output>
        </test-method> <!-- setUpClass -->
        <test-method status="PASS" signature="feature(cucumber.api.testng.CucumberFeatureWrapper)[pri:0, instance:com.testautomation.TestRunner.TestRunner@2833cc44]" name="feature" duration-ms="40123" started-at="2020-03-09T18:50:37 BRT" data-provider="features" finished-at="2020-03-09T18:51:17 BRT">
          <params>
            <param index="0">
              <value>
                <![CDATA[Realizar compra]]>
              </value>
            </param>
          </params>
          <reporter-output>
          </reporter-output>
        </test-method> <!-- feature -->
        <test-method status="PASS" signature="tearDownClass()[pri:0, instance:com.testautomation.TestRunner.TestRunner@2833cc44]" name="tearDownClass" is-config="true" duration-ms="37" started-at="2020-03-09T18:51:17 BRT" finished-at="2020-03-09T18:51:17 BRT">
          <reporter-output>
          </reporter-output>
        </test-method> <!-- tearDownClass -->
      </class> <!-- com.testautomation.TestRunner.TestRunner -->
    </test> <!-- Default test -->
  </suite> <!-- Default suite -->
</testng-results>
